<?xml version="1.0" encoding="UTF-8"?>
<testsuite xmlns:xsi="http://www.w3.org/2001/XMLSchema-instance" xsi:noNamespaceSchemaLocation="https://maven.apache.org/surefire/maven-surefire-plugin/xsd/surefire-test-report.xsd" name="edu.northeastern.cs5200.TestSuite" time="12.615" tests="6" errors="3" skipped="0" failures="0">
  <properties>
[...]
</properties>
  <testcase name="A_truncateDatabase" classname="edu.northeastern.cs5200.TestSuite" time="1.445"/>
  <testcase name="B_createFaculty" classname="edu.northeastern.cs5200.TestSuite" time="0.9"/>
  <testcase name="C_createStudent" classname="edu.northeastern.cs5200.TestSuite" time="1.65"/>
  <testcase name="D_createCourse" classname="edu.northeastern.cs5200.TestSuite" time="1.061">
    <error type="java.lang.NullPointerException">java.lang.NullPointerException
	at edu.northeastern.cs5200.TestSuite.D_createCourse(TestSuite.java:66)
</error>
    <system-out><![CDATA[Hibernate: 
    /* select
        generatedAlias0 
    from
        Enrollment as generatedAlias0 */ select
            enrollment0_.id as id1_1_,
            enrollment0_.feedback as feedback2_1_,
            enrollment0_.grade as grade3_1_,
            enrollment0_.section_id as section_4_1_,
            enrollment0_.student_id as student_5_1_ 
        from
            enrollment enrollment0_
Hibernate: 
    /* select
        generatedAlias0 
    from
        Section as generatedAlias0 */ select
            section0_.id as id2_0_,
            section0_.author_id as author_i6_0_,
            section0_.label as label3_0_,
            section0_.course_id as course_i7_0_,
            section0_.seats as seats4_0_,
            section0_.title as title5_0_ 
        from
            course section0_ 
        where
            section0_.dtype='Section'
Hibernate: 
    /* select
        generatedAlias0 
    from
        Course as generatedAlias0 */ select
            course0_.id as id2_0_,
            course0_.author_id as author_i6_0_,
            course0_.label as label3_0_,
            course0_.course_id as course_i7_0_,
            course0_.seats as seats4_0_,
            course0_.title as title5_0_,
            course0_.dtype as dtype1_0_ 
        from
            course course0_
Hibernate: 
    /* select
        generatedAlias0 
    from
        Faculty as generatedAlias0 */ select
            faculty0_.id as id2_2_,
            faculty0_.first_name as first_na3_2_,
            faculty0_.last_name as last_nam4_2_,
            faculty0_.password as password5_2_,
            faculty0_.username as username6_2_,
            faculty0_.office as office7_2_,
            faculty0_.tenured as tenured8_2_ 
        from
            person faculty0_ 
        where
            faculty0_.dtype='Faculty'
Hibernate: 
    /* select
        generatedAlias0 
    from
        Student as generatedAlias0 */ select
            student0_.id as id2_2_,
            student0_.first_name as first_na3_2_,
            student0_.last_name as last_nam4_2_,
            student0_.password as password5_2_,
            student0_.username as username6_2_,
            student0_.grad_year as grad_yea9_2_,
            student0_.scholarship as scholar10_2_ 
        from
            person student0_ 
        where
            student0_.dtype='Student'
Hibernate: 
    /* delete edu.northeastern.cs5200.models.Student */ delete 
        from
            person 
        where
            id=?
Hibernate: 
    /* delete edu.northeastern.cs5200.models.Student */ delete 
        from
            person 
        where
            id=?
Hibernate: 
    /* delete edu.northeastern.cs5200.models.Student */ delete 
        from
            person 
        where
            id=?
Hibernate: 
    /* delete edu.northeastern.cs5200.models.Student */ delete 
        from
            person 
        where
            id=?
Hibernate: 
    /* delete edu.northeastern.cs5200.models.Student */ delete 
        from
            person 
        where
            id=?
Hibernate: 
    /* delete edu.northeastern.cs5200.models.Student */ delete 
        from
            person 
        where
            id=?
Hibernate: 
    /* delete edu.northeastern.cs5200.models.Student */ delete 
        from
            person 
        where
            id=?
Hibernate: 
    /* select
        generatedAlias0 
    from
        Person as generatedAlias0 */ select
            person0_.id as id2_2_,
            person0_.first_name as first_na3_2_,
            person0_.last_name as last_nam4_2_,
            person0_.password as password5_2_,
            person0_.username as username6_2_,
            person0_.office as office7_2_,
            person0_.tenured as tenured8_2_,
            person0_.grad_year as grad_yea9_2_,
            person0_.scholarship as scholar10_2_,
            person0_.dtype as dtype1_2_ 
        from
            person person0_
Hibernate: 
    /* SELECT
        p 
    FROM
        Person p 
    WHERE
        p.username=:username  */ select
            person0_.id as id2_2_,
            person0_.first_name as first_na3_2_,
            person0_.last_name as last_nam4_2_,
            person0_.password as password5_2_,
            person0_.username as username6_2_,
            person0_.office as office7_2_,
            person0_.tenured as tenured8_2_,
            person0_.grad_year as grad_yea9_2_,
            person0_.scholarship as scholar10_2_,
            person0_.dtype as dtype1_2_ 
        from
            person person0_ 
        where
            person0_.username=?
Hibernate: 
    /* SELECT
        p 
    FROM
        Person p 
    WHERE
        p.username=:username  */ select
            person0_.id as id2_2_,
            person0_.first_name as first_na3_2_,
            person0_.last_name as last_nam4_2_,
            person0_.password as password5_2_,
            person0_.username as username6_2_,
            person0_.office as office7_2_,
            person0_.tenured as tenured8_2_,
            person0_.grad_year as grad_yea9_2_,
            person0_.scholarship as scholar10_2_,
            person0_.dtype as dtype1_2_ 
        from
            person person0_ 
        where
            person0_.username=?
Hibernate: 
    /* insert edu.northeastern.cs5200.models.Course
        */ insert 
        into
            course
            (author_id, label, dtype) 
        values
            (?, ?, 'Course')
]]></system-out>
  </testcase>
  <testcase name="E_createSection" classname="edu.northeastern.cs5200.TestSuite" time="0.875">
    <error type="java.lang.NullPointerException">java.lang.NullPointerException
	at edu.northeastern.cs5200.TestSuite.E_createSection(TestSuite.java:91)
</error>
    <system-out><![CDATA[Hibernate: 
    /* select
        generatedAlias0 
    from
        Enrollment as generatedAlias0 */ select
            enrollment0_.id as id1_1_,
            enrollment0_.feedback as feedback2_1_,
            enrollment0_.grade as grade3_1_,
            enrollment0_.section_id as section_4_1_,
            enrollment0_.student_id as student_5_1_ 
        from
            enrollment enrollment0_
Hibernate: 
    /* select
        generatedAlias0 
    from
        Section as generatedAlias0 */ select
            section0_.id as id2_0_,
            section0_.author_id as author_i6_0_,
            section0_.label as label3_0_,
            section0_.course_id as course_i7_0_,
            section0_.seats as seats4_0_,
            section0_.title as title5_0_ 
        from
            course section0_ 
        where
            section0_.dtype='Section'
Hibernate: 
    /* select
        generatedAlias0 
    from
        Course as generatedAlias0 */ select
            course0_.id as id2_0_,
            course0_.author_id as author_i6_0_,
            course0_.label as label3_0_,
            course0_.course_id as course_i7_0_,
            course0_.seats as seats4_0_,
            course0_.title as title5_0_,
            course0_.dtype as dtype1_0_ 
        from
            course course0_
Hibernate: 
    select
        section0_.course_id as course_i7_0_0_,
        section0_.id as id2_0_0_,
        section0_.id as id2_0_1_,
        section0_.author_id as author_i6_0_1_,
        section0_.label as label3_0_1_,
        section0_.course_id as course_i7_0_1_,
        section0_.seats as seats4_0_1_,
        section0_.title as title5_0_1_,
        faculty1_.id as id2_2_2_,
        faculty1_.first_name as first_na3_2_2_,
        faculty1_.last_name as last_nam4_2_2_,
        faculty1_.password as password5_2_2_,
        faculty1_.username as username6_2_2_,
        faculty1_.office as office7_2_2_,
        faculty1_.tenured as tenured8_2_2_ 
    from
        course section0_ 
    left outer join
        person faculty1_ 
            on section0_.author_id=faculty1_.id 
    where
        section0_.course_id=?
Hibernate: 
    /* delete edu.northeastern.cs5200.models.Course */ delete 
        from
            course 
        where
            id=?
Hibernate: 
    /* select
        generatedAlias0 
    from
        Faculty as generatedAlias0 */ select
            faculty0_.id as id2_2_,
            faculty0_.first_name as first_na3_2_,
            faculty0_.last_name as last_nam4_2_,
            faculty0_.password as password5_2_,
            faculty0_.username as username6_2_,
            faculty0_.office as office7_2_,
            faculty0_.tenured as tenured8_2_ 
        from
            person faculty0_ 
        where
            faculty0_.dtype='Faculty'
Hibernate: 
    /* select
        generatedAlias0 
    from
        Student as generatedAlias0 */ select
            student0_.id as id2_2_,
            student0_.first_name as first_na3_2_,
            student0_.last_name as last_nam4_2_,
            student0_.password as password5_2_,
            student0_.username as username6_2_,
            student0_.grad_year as grad_yea9_2_,
            student0_.scholarship as scholar10_2_ 
        from
            person student0_ 
        where
            student0_.dtype='Student'
Hibernate: 
    /* select
        generatedAlias0 
    from
        Person as generatedAlias0 */ select
            person0_.id as id2_2_,
            person0_.first_name as first_na3_2_,
            person0_.last_name as last_nam4_2_,
            person0_.password as password5_2_,
            person0_.username as username6_2_,
            person0_.office as office7_2_,
            person0_.tenured as tenured8_2_,
            person0_.grad_year as grad_yea9_2_,
            person0_.scholarship as scholar10_2_,
            person0_.dtype as dtype1_2_ 
        from
            person person0_
Hibernate: 
    /* SELECT
        c 
    FROM
        Course c 
    Where
        c.label=:label */ select
            course0_.id as id2_0_,
            course0_.author_id as author_i6_0_,
            course0_.label as label3_0_,
            course0_.course_id as course_i7_0_,
            course0_.seats as seats4_0_,
            course0_.title as title5_0_,
            course0_.dtype as dtype1_0_ 
        from
            course course0_ 
        where
            course0_.label=?
Hibernate: 
    /* SELECT
        c 
    FROM
        Course c 
    Where
        c.label=:label */ select
            course0_.id as id2_0_,
            course0_.author_id as author_i6_0_,
            course0_.label as label3_0_,
            course0_.course_id as course_i7_0_,
            course0_.seats as seats4_0_,
            course0_.title as title5_0_,
            course0_.dtype as dtype1_0_ 
        from
            course course0_ 
        where
            course0_.label=?
Hibernate: 
    /* SELECT
        c 
    FROM
        Course c 
    Where
        c.label=:label */ select
            course0_.id as id2_0_,
            course0_.author_id as author_i6_0_,
            course0_.label as label3_0_,
            course0_.course_id as course_i7_0_,
            course0_.seats as seats4_0_,
            course0_.title as title5_0_,
            course0_.dtype as dtype1_0_ 
        from
            course course0_ 
        where
            course0_.label=?
Hibernate: 
    /* insert edu.northeastern.cs5200.models.Section
        */ insert 
        into
            course
            (author_id, label, course_id, seats, title, dtype) 
        values
            (?, ?, ?, ?, ?, 'Section')
]]></system-out>
  </testcase>
  <testcase name="F_enrollStudentInSection" classname="edu.northeastern.cs5200.TestSuite" time="0.862">
    <error type="java.lang.NullPointerException">java.lang.NullPointerException
	at edu.northeastern.cs5200.TestSuite.F_enrollStudentInSection(TestSuite.java:118)
</error>
    <system-out><![CDATA[Hibernate: 
    /* select
        generatedAlias0 
    from
        Enrollment as generatedAlias0 */ select
            enrollment0_.id as id1_1_,
            enrollment0_.feedback as feedback2_1_,
            enrollment0_.grade as grade3_1_,
            enrollment0_.section_id as section_4_1_,
            enrollment0_.student_id as student_5_1_ 
        from
            enrollment enrollment0_
Hibernate: 
    /* select
        generatedAlias0 
    from
        Section as generatedAlias0 */ select
            section0_.id as id2_0_,
            section0_.author_id as author_i6_0_,
            section0_.label as label3_0_,
            section0_.course_id as course_i7_0_,
            section0_.seats as seats4_0_,
            section0_.title as title5_0_ 
        from
            course section0_ 
        where
            section0_.dtype='Section'
Hibernate: 
    select
        section0_.course_id as course_i7_0_0_,
        section0_.id as id2_0_0_,
        section0_.id as id2_0_1_,
        section0_.author_id as author_i6_0_1_,
        section0_.label as label3_0_1_,
        section0_.course_id as course_i7_0_1_,
        section0_.seats as seats4_0_1_,
        section0_.title as title5_0_1_,
        faculty1_.id as id2_2_2_,
        faculty1_.first_name as first_na3_2_2_,
        faculty1_.last_name as last_nam4_2_2_,
        faculty1_.password as password5_2_2_,
        faculty1_.username as username6_2_2_,
        faculty1_.office as office7_2_2_,
        faculty1_.tenured as tenured8_2_2_ 
    from
        course section0_ 
    left outer join
        person faculty1_ 
            on section0_.author_id=faculty1_.id 
    where
        section0_.course_id=?
Hibernate: 
    /* delete edu.northeastern.cs5200.models.Section */ delete 
        from
            course 
        where
            id=?
Hibernate: 
    /* select
        generatedAlias0 
    from
        Course as generatedAlias0 */ select
            course0_.id as id2_0_,
            course0_.author_id as author_i6_0_,
            course0_.label as label3_0_,
            course0_.course_id as course_i7_0_,
            course0_.seats as seats4_0_,
            course0_.title as title5_0_,
            course0_.dtype as dtype1_0_ 
        from
            course course0_
Hibernate: 
    /* select
        generatedAlias0 
    from
        Faculty as generatedAlias0 */ select
            faculty0_.id as id2_2_,
            faculty0_.first_name as first_na3_2_,
            faculty0_.last_name as last_nam4_2_,
            faculty0_.password as password5_2_,
            faculty0_.username as username6_2_,
            faculty0_.office as office7_2_,
            faculty0_.tenured as tenured8_2_ 
        from
            person faculty0_ 
        where
            faculty0_.dtype='Faculty'
Hibernate: 
    /* select
        generatedAlias0 
    from
        Student as generatedAlias0 */ select
            student0_.id as id2_2_,
            student0_.first_name as first_na3_2_,
            student0_.last_name as last_nam4_2_,
            student0_.password as password5_2_,
            student0_.username as username6_2_,
            student0_.grad_year as grad_yea9_2_,
            student0_.scholarship as scholar10_2_ 
        from
            person student0_ 
        where
            student0_.dtype='Student'
Hibernate: 
    /* select
        generatedAlias0 
    from
        Person as generatedAlias0 */ select
            person0_.id as id2_2_,
            person0_.first_name as first_na3_2_,
            person0_.last_name as last_nam4_2_,
            person0_.password as password5_2_,
            person0_.username as username6_2_,
            person0_.office as office7_2_,
            person0_.tenured as tenured8_2_,
            person0_.grad_year as grad_yea9_2_,
            person0_.scholarship as scholar10_2_,
            person0_.dtype as dtype1_2_ 
        from
            person person0_
Hibernate: 
    /* SELECT
        s 
    FROM
        Student s 
    Where
        s.username=:username */ select
            student0_.id as id2_2_,
            student0_.first_name as first_na3_2_,
            student0_.last_name as last_nam4_2_,
            student0_.password as password5_2_,
            student0_.username as username6_2_,
            student0_.grad_year as grad_yea9_2_,
            student0_.scholarship as scholar10_2_ 
        from
            person student0_ 
        where
            student0_.dtype='Student' 
            and student0_.username=?
Hibernate: 
    /* SELECT
        s 
    FROM
        Student s 
    Where
        s.username=:username */ select
            student0_.id as id2_2_,
            student0_.first_name as first_na3_2_,
            student0_.last_name as last_nam4_2_,
            student0_.password as password5_2_,
            student0_.username as username6_2_,
            student0_.grad_year as grad_yea9_2_,
            student0_.scholarship as scholar10_2_ 
        from
            person student0_ 
        where
            student0_.dtype='Student' 
            and student0_.username=?
Hibernate: 
    /* SELECT
        s 
    FROM
        Student s 
    Where
        s.username=:username */ select
            student0_.id as id2_2_,
            student0_.first_name as first_na3_2_,
            student0_.last_name as last_nam4_2_,
            student0_.password as password5_2_,
            student0_.username as username6_2_,
            student0_.grad_year as grad_yea9_2_,
            student0_.scholarship as scholar10_2_ 
        from
            person student0_ 
        where
            student0_.dtype='Student' 
            and student0_.username=?
Hibernate: 
    /* SELECT
        s 
    FROM
        Section s 
    Where
        s.title=:title */ select
            section0_.id as id2_0_,
            section0_.author_id as author_i6_0_,
            section0_.label as label3_0_,
            section0_.course_id as course_i7_0_,
            section0_.seats as seats4_0_,
            section0_.title as title5_0_ 
        from
            course section0_ 
        where
            section0_.dtype='Section' 
            and section0_.title=?
Hibernate: 
    /* SELECT
        s 
    FROM
        Section s 
    Where
        s.title=:title */ select
            section0_.id as id2_0_,
            section0_.author_id as author_i6_0_,
            section0_.label as label3_0_,
            section0_.course_id as course_i7_0_,
            section0_.seats as seats4_0_,
            section0_.title as title5_0_ 
        from
            course section0_ 
        where
            section0_.dtype='Section' 
            and section0_.title=?
Hibernate: 
    /* SELECT
        s 
    FROM
        Section s 
    Where
        s.title=:title */ select
            section0_.id as id2_0_,
            section0_.author_id as author_i6_0_,
            section0_.label as label3_0_,
            section0_.course_id as course_i7_0_,
            section0_.seats as seats4_0_,
            section0_.title as title5_0_ 
        from
            course section0_ 
        where
            section0_.dtype='Section' 
            and section0_.title=?
]]></system-out>
  </testcase>
</testsuite>